IQ-TREE multicore version 2.2.0 COVID-edition for Windows 64-bit built Jun  1 2022
Developed by Bui Quang Minh, James Barbetti, Nguyen Lam Tung,
Olga Chernomor, Heiko Schmidt, Dominik Schrempf, Michael Woodhams, Ly Trong Nhan.

Host:    LAPTOP-819NPT48 (AVX2, FMA3, 7 GB RAM)
Command: C:\Users\austm\Documents\UW Grad School\Software\iqtree-2.2.0-Windows\bin\iqtree2.exe -s C:/Users/austm/Documents/UW Grad School/Coursework/2023 Spring/Phylo563/myProject/Data/Fam_SBP_CDS_aligned.fasta
Seed:    300821 (Using SPRNG - Scalable Parallel Random Number Generator)
Time:    Thu Mar 23 14:09:53 2023
Kernel:  AVX+FMA - 1 threads (4 CPU cores detected)

HINT: Use -nt option to specify number of threads because your CPU has 4 cores!
HINT: -nt AUTO will automatically determine the best number of threads to use.

Reading alignment file C:/Users/austm/Documents/UW Grad School/Coursework/2023 Spring/Phylo563/myProject/Data/Fam_SBP_CDS_aligned.fasta ... Fasta format detected
Reading fasta file: done in 0.0065285 secs
Alignment most likely contains DNA/RNA sequences
Constructing alignment: done in 0.0082569 secs using 189.2% CPU
Alignment has 87 sequences with 3658 columns, 3153 distinct patterns
3076 parsimony-informative, 319 singleton sites, 263 constant sites
                          Gap/Ambiguity  Composition  p-value
Analyzing sequences: done in 0.000995 secs
   1  Niben101Scf00037g02016.1   67.93%    failed      0.54%
   2  Niben101Scf03494g12028.1   71.54%    failed      2.37%
   3  Niben101Scf04740g00007.1   68.26%    passed     12.75%
   4  Solyc10g078700.1.1         69.41%    passed      6.09%
   5  Niben101Scf00340g00006.1   57.60%    passed     10.42%
   6  AtSPL15.1                  70.89%    failed      0.69%
   7  AtSPL9.1                   69.16%    failed      2.30%
   8  Niben101Scf11224g00008.1   89.67%    passed      6.93%
   9  Solyc07g062980.2.1         89.09%    passed     31.37%
  10  Niben101Scf11812g00024.1   41.28%    failed      0.16%
  11  Niben101Scf39270g00002.1   68.43%    passed     33.21%
  12  Solyc01g080670.2.1         37.59%    passed     16.49%
  13  AtSPL7.2                   36.36%    passed     77.51%
  14  AtSPL7.1                   34.23%    passed     81.82%
  15  AtSPL7.3                   32.83%    passed     83.47%
  16  Niben101Scf00347g00011.1   86.80%    failed      1.65%
  17  Niben101Scf07953g00014.1   86.88%    failed      0.87%
  18  Niben101Scf01426g05012.1   84.99%    failed      0.09%
  19  Niben101Scf08374g06004.1   84.58%    failed      0.17%
  20  Solyc07g053810.2.1         87.86%    failed      0.13%
  21  AT1G76580.1                18.89%    passed     24.56%
  22  AtSPL14.1                  15.04%    passed     43.41%
  23  Niben101Scf00687g04018.1   23.15%    failed      0.61%
  24  Niben101Scf02558g00030.1   19.82%    passed      8.51%
  25  Niben101Scf01773g04003.1   19.30%    passed     15.08%
  26  Niben101Scf09781g00016.1   18.64%    passed      6.78%
  27  Solyc01g068100.2.1         18.40%    failed      0.90%
  28  AtSPL12.1                  23.89%    failed      1.19%
  29  AtSPL1.1                   27.67%    passed     94.88%
  30  Niben101Scf01671g03003.1   63.50%    failed      0.07%
  31  Solyc05g053240.2.1         14.30%    failed      0.01%
  32  Niben101Scf14708g00003.1   92.13%    failed      0.75%
  33  Niben101Scf04350g03001.1   88.76%    failed      0.02%
  34  Solyc10g009080.2.1         88.85%    failed      0.02%
  35  Niben101Scf08791g03011.1   88.76%    failed      0.30%
  36  Niben101Scf19266g01002.1   88.76%    failed      0.17%
  37  Solyc02g077920.2.1         88.76%    failed      3.73%
  38  AtSPL3.1                   89.17%    failed      0.00%
  39  AtSPL4.2                   85.65%    failed      0.01%
  40  AtSPL4.1                   85.65%    failed      0.01%
  41  AtSPL5.1                   85.07%    failed      0.00%
  42  Niben101Scf10743g02013.1   67.52%    failed      2.79%
  43  Niben101Scf00337g06003.1   67.93%    failed      0.27%
  44  Niben101Scf00495g02016.1   76.13%    failed      2.15%
  45  Niben101Scf01531g00004.1   63.91%    failed      0.43%
  46  Solyc12g038520.1.1         63.26%    passed     13.29%
  47  Niben101Scf01143g06001.1   57.03%    passed     42.89%
  48  Niben101Scf03056g00007.1   56.94%    passed     31.61%
  49  Solyc03g114850.2.1         78.18%    passed      8.74%
  50  Niben101Scf00821g02001.1   55.71%    failed      0.14%
  51  Niben101Scf20316g00003.1   61.21%    failed      0.61%
  52  Niben101Scf01310g00001.1   58.26%    failed      2.49%
  53  Niben101Scf02151g04021.1   58.09%    passed      8.20%
  54  Solyc05g012040.2.1         54.16%    failed      1.67%
  55  AtSPL6.1                   66.70%    passed      6.93%
  56  Niben101Scf01950g02001.1   74.08%    failed      3.66%
  57  Solyc05g015840.2.1         74.33%    passed     52.88%
  58  Niben101Scf00366g00008.1   88.35%    passed     83.97%
  59  AtSPL13a.2                 70.48%    failed      4.56%
  60  AtSPL13a.1                 70.48%    failed      4.56%
  61  AtSPL13b.1                 70.48%    failed      4.56%
  62  Niben101Scf01602g03005.1   62.11%    passed     16.50%
  63  Niben101Scf19371g00001.1   62.11%    passed     29.11%
  64  Niben101Scf03422g04024.1   81.88%    passed     86.74%
  65  Solyc05g015510.2.1         61.95%    passed     42.82%
  66  Solyc04g045560.2.1         71.21%    passed      5.25%
  67  AtSPL11.1                  67.69%    passed     44.19%
  68  AtSPL11.4                  67.69%    passed     44.19%
  69  AtSPL11.3                  67.69%    passed     44.19%
  70  AtSPL11.2                  67.69%    passed     44.19%
  71  AtSPL10.2                  67.44%    passed     48.37%
  72  AtSPL10.1                  67.44%    passed     48.37%
  73  AtSPL10.4                  67.44%    passed     48.37%
  74  AtSPL10.3                  67.44%    passed     48.37%
  75  AtSPL2.3                   65.55%    passed     19.76%
  76  AtSPL2.2                   65.55%    passed     19.76%
  77  AtSPL2.1                   65.55%    passed     19.76%
  78  Niben101Scf00878g04013.1   78.84%    failed      0.04%
  79  Niben101Scf04462g01007.1   79.50%    failed      0.05%
  80  Solyc01g090730.2.1         75.40%    failed      0.38%
  81  Niben101Scf05439g04002.1   75.64%    failed      0.19%
  82  Niben101Scf10743g02014.1   74.93%    passed      7.94%
  83  Solyc10g018780.1.1         75.89%    failed      0.03%
  84  AtSPL8.2                   79.74%    failed      0.00%
  85  AtSPL8.1                   72.61%    failed      0.00%
  86  Solyc04g064470.1.1         86.22%    passed     18.93%
  87  Niben101Scf06461g03009.1   72.94%    passed     13.53%
WARNING: 72 sequences contain more than 50% gaps/ambiguity
****  TOTAL                      65.07%  44 sequences failed composition chi2 test (p-value<5%; df=3)
NOTE: AtSPL4.1 is identical to AtSPL4.2 but kept for subsequent analysis
NOTE: AtSPL13a.1 is identical to AtSPL13a.2 but kept for subsequent analysis
NOTE: AtSPL11.4 is identical to AtSPL11.1 but kept for subsequent analysis
NOTE: AtSPL10.1 is identical to AtSPL10.2 but kept for subsequent analysis
NOTE: AtSPL2.2 is identical to AtSPL2.3 but kept for subsequent analysis
Checking for duplicate sequences: done in 0.0011928 secs
Identifying sites to remove: done in 0.0076988 secs using 203% CPU
NOTE: 6 identical sequences (see below) will be ignored for subsequent analysis
NOTE: AtSPL13b.1 (identical to AtSPL13a.2) is ignored but added at the end
NOTE: AtSPL11.3 (identical to AtSPL11.1) is ignored but added at the end
NOTE: AtSPL11.2 (identical to AtSPL11.1) is ignored but added at the end
NOTE: AtSPL10.4 (identical to AtSPL10.2) is ignored but added at the end
NOTE: AtSPL10.3 (identical to AtSPL10.2) is ignored but added at the end
NOTE: AtSPL2.1 (identical to AtSPL2.3) is ignored but added at the end
Alignment was printed to C:/Users/austm/Documents/UW Grad School/Coursework/2023 Spring/Phylo563/myProject/Data/Fam_SBP_CDS_aligned.fasta.uniqueseq.phy

For your convenience alignment with unique sequences printed to C:/Users/austm/Documents/UW Grad School/Coursework/2023 Spring/Phylo563/myProject/Data/Fam_SBP_CDS_aligned.fasta.uniqueseq.phy


Create initial parsimony tree by phylogenetic likelihood library (PLL)... 0.047 seconds
Perform fast likelihood tree search using GTR+I+G model...
Estimate model parameters (epsilon = 5.000)
Perform nearest neighbor interchange...
Optimizing NNI: done in 0.800411 secs using 101.5% CPU
Estimate model parameters (epsilon = 1.000)
1. Initial log-likelihood: -74501.144
Optimal log-likelihood: -74499.888
Rate parameters:  A-C: 1.28395  A-G: 2.67422  A-T: 1.11429  C-G: 1.20350  C-T: 2.99729  G-T: 1.00000
Base frequencies:  A: 0.286  C: 0.207  G: 0.236  T: 0.270
Proportion of invariable sites: 0.002
Gamma shape alpha: 3.287
Parameters optimization took 1 rounds (0.220 sec)
Time for fast ML tree search: 2.738 seconds

NOTE: ModelFinder requires 82 MB RAM!
ModelFinder will test up to 484 DNA models (sample size: 3658) ...
 No. Model         -LnL         df  AIC          AICc         BIC
  1  GTR+F         75162.144    167 150658.288   150674.366   151694.468
  2  GTR+F+I       75096.273    168 150528.545   150544.820   151570.930
  3  GTR+F+G4      74522.620    168 149381.240   149397.515   150423.625
  4  GTR+F+I+G4    74499.330    169 149336.660   149353.134   150385.250
  5  GTR+F+R2      74376.969    169 149091.938   149108.411   150140.527
  6  GTR+F+R3      74321.819    171 148985.639   149002.513   150046.638
  7  GTR+F+R4      74308.654    173 148963.308   148980.588   150036.716
  8  GTR+F+R5      74308.378    175 148966.756   148984.447   150052.574
 14  GTR+F+I+I+R2  74367.767    170 149075.535   149092.208   150130.329
 15  GTR+F+I+I+R3  74318.875    172 148981.751   148998.828   150048.955
 16  GTR+F+I+I+R4  74307.196    174 148962.392   148979.877   150042.005
 17  GTR+F+I+I+R5  74306.919    176 148965.839   148983.737   150057.861
 28  SYM+R3        74543.552    168 149423.103   149439.378   150465.488
 29  SYM+R4        74535.858    170 149411.716   149428.389   150466.510
 38  SYM+I+I+R4    74534.627    171 149411.255   149428.129   150472.253
 50  TVM+F+R3      74325.515    170 148991.029   149007.703   150045.824
 51  TVM+F+R4      74313.019    172 148970.038   148987.115   150037.242
 60  TVM+F+I+I+R4  74311.496    173 148968.993   148986.273   150042.401
 72  TVMe+R3       74544.214    167 149422.427   149438.505   150458.608
 73  TVMe+R4       74536.633    169 149411.266   149427.740   150459.856
 82  TVMe+I+I+R4   74535.111    170 149410.223   149426.896   150465.017
 94  TIM3+F+R3     74323.441    169 148984.882   149001.355   150033.471
 95  TIM3+F+R4     74310.245    171 148962.490   148979.364   150023.489
104  TIM3+F+I+I+R4 74309.155    172 148962.310   148979.386   150029.513
116  TIM3e+R3      74559.523    166 149451.046   149466.928   150481.021
117  TIM3e+R4      74550.924    168 149437.849   149454.124   150480.234
126  TIM3e+I+I+R4  74551.401    169 149440.803   149457.276   150489.392
138  TIM2+F+R3     74330.983    169 148999.967   149016.440   150048.556
139  TIM2+F+R4     74318.802    171 148979.604   148996.479   150040.603
148  TIM2+F+I+I+R4 74317.843    172 148979.686   148996.762   150046.889
160  TIM2e+R3      74545.695    166 149423.390   149439.272   150453.365
161  TIM2e+R4      74537.480    168 149410.961   149427.236   150453.346
170  TIM2e+I+I+R4  74536.793    169 149411.587   149428.060   150460.176
182  TIM+F+R3      74332.846    169 149003.692   149020.165   150052.281
183  TIM+F+R4      74320.627    171 148983.253   149000.128   150044.252
192  TIM+F+I+I+R4  74319.739    172 148983.478   149000.554   150050.681
204  TIMe+R3       74559.219    166 149450.437   149466.319   150480.413
205  TIMe+R4       74550.538    168 149437.076   149453.351   150479.461
214  TIMe+I+I+R4   74551.153    169 149440.306   149456.779   150488.895
226  TPM3u+F+R3    74327.201    168 148990.401   149006.676   150032.786
227  TPM3u+F+R4    74314.679    170 148969.357   148986.031   150024.152
236  TPM3u+F+I+I+R4 74313.501    171 148969.002   148985.876   150030.000
248  TPM3+R3       74560.338    165 149450.677   149466.364   150474.447
249  TPM3+R4       74551.843    167 149437.687   149453.765   150473.867
258  TPM3+I+I+R4   74552.094    168 149440.189   149456.464   150482.574
270  TPM2u+F+R3    74334.926    168 149005.852   149022.127   150048.237
271  TPM2u+F+R4    74323.186    170 148986.372   149003.045   150041.166
280  TPM2u+F+I+I+R4 74322.133    171 148986.267   149003.141   150047.266
292  TPM2+R3       74546.496    165 149422.992   149438.679   150446.763
293  TPM2+R4       74538.189    167 149410.379   149426.457   150446.559
302  TPM2+I+I+R4   74537.409    168 149410.818   149427.093   150453.203
314  K3Pu+F+R3     74336.837    168 149009.675   149025.950   150052.060
315  K3Pu+F+R4     74324.924    170 148989.848   149006.521   150044.642
324  K3Pu+F+I+I+R4 74324.034    171 148990.069   149006.943   150051.068
336  K3P+R3        74559.991    165 149449.982   149465.669   150473.753
337  K3P+R4        74551.356    167 149436.711   149452.789   150472.891
346  K3P+I+I+R4    74551.689    168 149439.379   149455.654   150481.764
358  TN+F+R3       74332.847    168 149001.693   149017.968   150044.078
359  TN+F+R4       74320.626    170 148981.251   148997.925   150036.046
368  TN+F+I+I+R4   74319.739    171 148981.478   148998.352   150042.477
380  TNe+R3        74561.169    165 149452.338   149468.025   150476.108
381  TNe+R4        74552.059    167 149438.118   149454.196   150474.298
390  TNe+I+I+R4    74552.651    168 149441.301   149457.576   150483.686
402  HKY+F+R3      74336.844    167 149007.689   149023.767   150043.869
403  HKY+F+R4      74325.005    169 148988.010   149004.484   150036.600
412  HKY+F+I+I+R4  74324.034    170 148988.069   149004.742   150042.863
424  K2P+R3        74561.704    164 149451.408   149466.901   150468.974
425  K2P+R4        74552.867    166 149437.734   149453.616   150467.709
434  K2P+I+I+R4    74553.258    167 149440.517   149456.595   150476.697
446  F81+F+R3      75295.414    166 150922.828   150938.710   151952.804
447  F81+F+R4      75284.509    168 150905.019   150921.294   151947.404
456  F81+F+I+I+R4  75289.476    169 150916.952   150933.426   151965.542
468  JC+R3         75472.945    163 151271.890   151287.191   152283.251
469  JC+R4         75464.559    165 151259.118   151274.805   152282.889
478  JC+I+I+R4     75466.838    166 151265.677   151281.559   152295.652
Akaike Information Criterion:           TIM3+F+I+I+R4
Corrected Akaike Information Criterion: TIM3+F+R4
Bayesian Information Criterion:         TIM3+F+R4
Best-fit model: TIM3+F+R4 chosen according to BIC

All model information printed to C:/Users/austm/Documents/UW Grad School/Coursework/2023 Spring/Phylo563/myProject/Data/Fam_SBP_CDS_aligned.fasta.model.gz
CPU time for ModelFinder: 707.875 seconds (0h:11m:47s)
Wall-clock time for ModelFinder: 713.870 seconds (0h:11m:53s)

NOTE: 33 MB RAM (0 GB) is required!
Estimate model parameters (epsilon = 0.100)
1. Initial log-likelihood: -74310.245
Optimal log-likelihood: -74310.150
Rate parameters:  A-C: 1.16015  A-G: 2.53356  A-T: 1.00000  C-G: 1.16015  C-T: 2.76979  G-T: 1.00000
Base frequencies:  A: 0.286  C: 0.207  G: 0.236  T: 0.270
Site proportion and rates:  (0.048,0.140) (0.092,0.421) (0.581,0.939) (0.279,1.467)
Parameters optimization took 1 rounds (0.426 sec)
Wrote distance file to... 
Computing ML distances based on estimated model parameters...
Calculating distance matrix: done in 0.0547284 secs using 114.2% CPU
Computing ML distances took 0.056330 sec (of wall-clock time) 0.062500 sec (of CPU time)
WARNING: Some pairwise ML distances are too long (saturated)
Setting up auxiliary I and S matrices: done in 0.0002585 secs
Constructing RapidNJ tree: done in 0.0007239 secs
Computing RapidNJ tree took 0.001085 sec (of wall-clock time) 0.000000 sec (of CPU time)
Log-likelihood of RapidNJ tree: -74579.591
--------------------------------------------------------------------
|             INITIALIZING CANDIDATE TREE SET                      |
--------------------------------------------------------------------
Generating 98 parsimony trees... 4.852 second
Computing log-likelihood of 98 initial trees ... 5.748 seconds
Current best score: -74310.150

Do NNI search on 20 best initial trees
Optimizing NNI: done in 0.316589 secs using 98.71% CPU
Estimate model parameters (epsilon = 0.100)
BETTER TREE FOUND at iteration 1: -74307.377
Optimizing NNI: done in 1.21507 secs using 100.3% CPU
Estimate model parameters (epsilon = 0.100)
BETTER TREE FOUND at iteration 2: -74301.715
Optimizing NNI: done in 1.10018 secs using 99.42% CPU
Optimizing NNI: done in 1.11908 secs using 100.5% CPU
Optimizing NNI: done in 1.77021 secs using 96.21% CPU
Optimizing NNI: done in 3.17554 secs using 99.88% CPU
Estimate model parameters (epsilon = 0.100)
BETTER TREE FOUND at iteration 6: -74300.239
Optimizing NNI: done in 1.84456 secs using 99.96% CPU
Estimate model parameters (epsilon = 0.100)
BETTER TREE FOUND at iteration 7: -74300.111
Optimizing NNI: done in 1.15731 secs using 99.91% CPU
Optimizing NNI: done in 0.834305 secs using 99.26% CPU
Optimizing NNI: done in 1.27011 secs using 95.96% CPU
Iteration 10 / LogL: -74313.980 / Time: 0h:0m:29s
Optimizing NNI: done in 1.24191 secs using 99.39% CPU
Optimizing NNI: done in 2.38143 secs using 98.42% CPU
Optimizing NNI: done in 1.13538 secs using 97.71% CPU
Optimizing NNI: done in 2.54161 secs using 100.2% CPU
Optimizing NNI: done in 1.36823 secs using 100.5% CPU
Optimizing NNI: done in 1.20545 secs using 99.81% CPU
Optimizing NNI: done in 1.17284 secs using 99.92% CPU
Optimizing NNI: done in 1.03516 secs using 101.1% CPU
Optimizing NNI: done in 1.13219 secs using 99.37% CPU
Optimizing NNI: done in 0.969732 secs using 99.9% CPU
Iteration 20 / LogL: -74320.124 / Time: 0h:0m:44s
Finish initializing candidate tree set (20)
Current best tree score: -74300.111 / CPU time: 42.187
Number of iterations: 20
--------------------------------------------------------------------
|               OPTIMIZING CANDIDATE TREE SET                      |
--------------------------------------------------------------------
Optimizing NNI: done in 1.15895 secs using 99.77% CPU
Optimizing NNI: done in 1.16199 secs using 99.51% CPU
Optimizing NNI: done in 1.11758 secs using 100.7% CPU
Optimizing NNI: done in 1.0537 secs using 99.35% CPU
Optimizing NNI: done in 1.36209 secs using 99.8% CPU
Optimizing NNI: done in 1.33226 secs using 99.69% CPU
Optimizing NNI: done in 1.40085 secs using 100.4% CPU
Optimizing NNI: done in 1.30041 secs using 99.73% CPU
Optimizing NNI: done in 1.09258 secs using 100.1% CPU
Optimizing NNI: done in 1.30431 secs using 99.43% CPU
Iteration 30 / LogL: -74310.195 / Time: 0h:0m:56s (0h:2m:30s left)
Optimizing NNI: done in 1.08642 secs using 100.7% CPU
Optimizing NNI: done in 1.62218 secs using 99.21% CPU
Optimizing NNI: done in 1.43054 secs using 100.5% CPU
Optimizing NNI: done in 1.12467 secs using 100% CPU
Optimizing NNI: done in 1.30725 secs using 100.4% CPU
Estimate model parameters (epsilon = 0.100)
BETTER TREE FOUND at iteration 35: -74299.166
Optimizing NNI: done in 1.17918 secs using 99.38% CPU
Optimizing NNI: done in 1.52617 secs using 100.3% CPU
Optimizing NNI: done in 1.1631 secs using 99.41% CPU
Optimizing NNI: done in 1.06084 secs using 100.2% CPU
Optimizing NNI: done in 1.08087 secs using 99.75% CPU
Iteration 40 / LogL: -74318.340 / Time: 0h:1m:10s (0h:2m:51s left)
Optimizing NNI: done in 1.30909 secs using 100.3% CPU
Optimizing NNI: done in 1.25118 secs using 99.91% CPU
Optimizing NNI: done in 1.1139 secs using 101% CPU
Optimizing NNI: done in 1.41716 secs using 100.3% CPU
Optimizing NNI: done in 1.1247 secs using 100% CPU
Optimizing NNI: done in 1.48765 secs using 99.78% CPU
Optimizing NNI: done in 1.25707 secs using 100.7% CPU
Optimizing NNI: done in 1.29574 secs using 100.1% CPU
Optimizing NNI: done in 1.16381 secs using 100.7% CPU
Optimizing NNI: done in 1.39756 secs using 99.5% CPU
Iteration 50 / LogL: -74320.873 / Time: 0h:1m:23s (0h:2m:24s left)
Optimizing NNI: done in 0.993658 secs using 99.07% CPU
Optimizing NNI: done in 1.51487 secs using 100% CPU
Optimizing NNI: done in 1.56668 secs using 99.73% CPU
Optimizing NNI: done in 1.24792 secs using 100.2% CPU
Optimizing NNI: done in 1.27194 secs using 100.7% CPU
Optimizing NNI: done in 1.20162 secs using 100.1% CPU
Optimizing NNI: done in 1.1105 secs using 99.9% CPU
Optimizing NNI: done in 2.4777 secs using 100.3% CPU
Optimizing NNI: done in 1.26388 secs using 96.43% CPU
Optimizing NNI: done in 1.2658 secs using 99.99% CPU
Iteration 60 / LogL: -74301.365 / Time: 0h:1m:37s (0h:2m:4s left)
Optimizing NNI: done in 1.668 secs using 100.2% CPU
Optimizing NNI: done in 1.14268 secs using 99.82% CPU
Optimizing NNI: done in 1.17974 secs using 99.33% CPU
Optimizing NNI: done in 1.723 secs using 99.75% CPU
Optimizing NNI: done in 1.67354 secs using 99.9% CPU
Optimizing NNI: done in 1.09836 secs using 101% CPU
Optimizing NNI: done in 1.24946 secs using 100% CPU
Optimizing NNI: done in 2.13086 secs using 100.5% CPU
Optimizing NNI: done in 2.3839 secs using 100.3% CPU
Optimizing NNI: done in 0.836592 secs using 100.9% CPU
Iteration 70 / LogL: -74308.608 / Time: 0h:1m:52s (0h:1m:46s left)
Optimizing NNI: done in 1.16017 secs using 101% CPU
Optimizing NNI: done in 1.59342 secs using 100% CPU
Optimizing NNI: done in 1.59323 secs using 100% CPU
Optimizing NNI: done in 1.49618 secs using 100.3% CPU
Optimizing NNI: done in 1.34134 secs using 100.2% CPU
Optimizing NNI: done in 1.07945 secs using 99.88% CPU
Optimizing NNI: done in 1.10774 secs using 100.1% CPU
Optimizing NNI: done in 1.6901 secs using 99.85% CPU
Estimate model parameters (epsilon = 0.100)
BETTER TREE FOUND at iteration 78: -74297.292
Optimizing NNI: done in 1.26997 secs using 99.66% CPU
Optimizing NNI: done in 1.79142 secs using 100.3% CPU
Iteration 80 / LogL: -74298.081 / Time: 0h:2m:7s (0h:2m:38s left)
Optimizing NNI: done in 1.03091 secs using 100% CPU
Optimizing NNI: done in 1.71041 secs using 100.5% CPU
Optimizing NNI: done in 1.08617 secs using 99.26% CPU
Optimizing NNI: done in 0.818772 secs using 101.1% CPU
Optimizing NNI: done in 1.72742 secs using 99.5% CPU
Optimizing NNI: done in 1.54233 secs using 99.28% CPU
Optimizing NNI: done in 1.42148 secs using 100% CPU
Optimizing NNI: done in 1.15885 secs using 101.1% CPU
Optimizing NNI: done in 1.10807 secs using 100.1% CPU
Optimizing NNI: done in 1.47666 secs using 100.5% CPU
Iteration 90 / LogL: -74305.249 / Time: 0h:2m:20s (0h:2m:19s left)
Optimizing NNI: done in 1.54208 secs using 100.3% CPU
Optimizing NNI: done in 1.69279 secs using 99.69% CPU
Optimizing NNI: done in 0.78407 secs using 99.64% CPU
Optimizing NNI: done in 0.933263 secs using 100.5% CPU
Optimizing NNI: done in 0.984199 secs using 100% CPU
Optimizing NNI: done in 1.21531 secs using 99% CPU
Optimizing NNI: done in 1.3779 secs using 98.66% CPU
Optimizing NNI: done in 1.63855 secs using 100.1% CPU
Optimizing NNI: done in 1.31157 secs using 100.1% CPU
Optimizing NNI: done in 1.15502 secs using 100.1% CPU
Iteration 100 / LogL: -74307.349 / Time: 0h:2m:33s (0h:2m:0s left)
Optimizing NNI: done in 1.59987 secs using 99.62% CPU
Optimizing NNI: done in 1.94216 secs using 99.76% CPU
Optimizing NNI: done in 1.32612 secs using 100.2% CPU
Optimizing NNI: done in 1.62302 secs using 99.16% CPU
Optimizing NNI: done in 1.61872 secs using 99.42% CPU
Optimizing NNI: done in 1.1264 secs using 98.49% CPU
Optimizing NNI: done in 1.30906 secs using 100.3% CPU
Optimizing NNI: done in 0.911186 secs using 99.46% CPU
Optimizing NNI: done in 1.80032 secs using 99.81% CPU
Optimizing NNI: done in 1.33558 secs using 100.6% CPU
Iteration 110 / LogL: -74299.313 / Time: 0h:2m:48s (0h:1m:44s left)
Optimizing NNI: done in 1.0943 secs using 99.95% CPU
Optimizing NNI: done in 1.04209 secs using 100.5% CPU
Optimizing NNI: done in 1.23457 secs using 99.98% CPU
Optimizing NNI: done in 1.18412 secs using 98.97% CPU
Optimizing NNI: done in 1.24024 secs using 100.8% CPU
Optimizing NNI: done in 1.84506 secs using 99.93% CPU
Optimizing NNI: done in 0.957681 secs using 99.52% CPU
Optimizing NNI: done in 1.8772 secs using 99.88% CPU
Optimizing NNI: done in 1.79284 secs using 99.35% CPU
Optimizing NNI: done in 0.828828 secs using 99.92% CPU
Iteration 120 / LogL: -74308.649 / Time: 0h:3m:1s (0h:1m:28s left)
Optimizing NNI: done in 1.45551 secs using 98.76% CPU
Optimizing NNI: done in 1.50507 secs using 100.7% CPU
Optimizing NNI: done in 1.95418 secs using 99.95% CPU
Optimizing NNI: done in 1.45616 secs using 99.79% CPU
Optimizing NNI: done in 0.938542 secs using 99.89% CPU
Optimizing NNI: done in 0.874884 secs using 100% CPU
Optimizing NNI: done in 1.119 secs using 100.5% CPU
Optimizing NNI: done in 0.94737 secs using 100.6% CPU
Optimizing NNI: done in 1.71005 secs using 100.5% CPU
Optimizing NNI: done in 0.980946 secs using 100.3% CPU
Iteration 130 / LogL: -74302.442 / Time: 0h:3m:14s (0h:1m:12s left)
Optimizing NNI: done in 1.11872 secs using 100.6% CPU
Optimizing NNI: done in 1.06062 secs using 100.2% CPU
Optimizing NNI: done in 0.874853 secs using 100% CPU
Optimizing NNI: done in 0.983119 secs using 100.1% CPU
Optimizing NNI: done in 1.19581 secs using 100.6% CPU
Optimizing NNI: done in 1.17729 secs using 99.54% CPU
Optimizing NNI: done in 1.50642 secs using 99.57% CPU
Optimizing NNI: done in 1.18639 secs using 98.78% CPU
Optimizing NNI: done in 1.43227 secs using 100.4% CPU
Optimizing NNI: done in 1.65885 secs using 100.8% CPU
Iteration 140 / LogL: -74303.068 / Time: 0h:3m:26s (0h:0m:56s left)
Optimizing NNI: done in 1.11048 secs using 99.9% CPU
Optimizing NNI: done in 1.26491 secs using 100.1% CPU
Optimizing NNI: done in 1.65814 secs using 99.89% CPU
Optimizing NNI: done in 1.44328 secs using 99.6% CPU
Optimizing NNI: done in 1.04806 secs using 99.89% CPU
Optimizing NNI: done in 0.907725 secs using 99.84% CPU
Optimizing NNI: done in 1.46543 secs using 100.2% CPU
Optimizing NNI: done in 1.11607 secs using 99.4% CPU
Optimizing NNI: done in 1.10848 secs using 100.1% CPU
Optimizing NNI: done in 1.24739 secs using 100.2% CPU
Iteration 150 / LogL: -74307.801 / Time: 0h:3m:39s (0h:0m:41s left)
Optimizing NNI: done in 1.14698 secs using 99.45% CPU
Optimizing NNI: done in 1.09735 secs using 99.67% CPU
Optimizing NNI: done in 1.38414 secs using 99.34% CPU
Optimizing NNI: done in 1.16516 secs using 99.24% CPU
Optimizing NNI: done in 1.05183 secs using 99.53% CPU
Optimizing NNI: done in 1.58846 secs using 100.3% CPU
Optimizing NNI: done in 1.35806 secs using 100.1% CPU
Optimizing NNI: done in 1.36973 secs using 99.24% CPU
Optimizing NNI: done in 1.1696 secs using 100.2% CPU
Optimizing NNI: done in 1.49735 secs using 100.2% CPU
Iteration 160 / LogL: -74314.755 / Time: 0h:3m:52s (0h:0m:26s left)
Optimizing NNI: done in 0.812553 secs using 99.99% CPU
Optimizing NNI: done in 1.25567 secs using 100.8% CPU
Optimizing NNI: done in 1.27385 secs using 99.35% CPU
Optimizing NNI: done in 1.72416 secs using 99.69% CPU
Optimizing NNI: done in 1.04663 secs using 98.53% CPU
Optimizing NNI: done in 1.02446 secs using 99.14% CPU
Optimizing NNI: done in 1.65642 secs using 99.99% CPU
Optimizing NNI: done in 1.95847 secs using 100.5% CPU
Optimizing NNI: done in 1.09463 secs using 99.92% CPU
Optimizing NNI: done in 1.1482 secs using 99.34% CPU
Iteration 170 / LogL: -74484.923 / Time: 0h:4m:5s (0h:0m:11s left)
Optimizing NNI: done in 1.66229 secs using 99.64% CPU
Optimizing NNI: done in 1.09854 secs using 99.56% CPU
Optimizing NNI: done in 1.33677 secs using 100.5% CPU
Optimizing NNI: done in 1.13686 secs using 100.3% CPU
Optimizing NNI: done in 1.08832 secs using 99.06% CPU
Optimizing NNI: done in 1.3342 secs using 99.54% CPU
Optimizing NNI: done in 0.999684 secs using 100% CPU
Optimizing NNI: done in 1.55567 secs using 98.43% CPU
Optimizing NNI: done in 1.82393 secs using 100.2% CPU
TREE SEARCH COMPLETED AFTER 179 ITERATIONS / Time: 0h:4m:17s

--------------------------------------------------------------------
|                    FINALIZING TREE SEARCH                        |
--------------------------------------------------------------------
Performs final model parameters optimization
Estimate model parameters (epsilon = 0.010)
1. Initial log-likelihood: -74297.292
2. Current log-likelihood: -74297.224
3. Current log-likelihood: -74297.134
4. Current log-likelihood: -74297.070
5. Current log-likelihood: -74297.007
6. Current log-likelihood: -74296.950
7. Current log-likelihood: -74296.898
8. Current log-likelihood: -74296.846
9. Current log-likelihood: -74296.799
10. Current log-likelihood: -74296.755
11. Current log-likelihood: -74296.709
12. Current log-likelihood: -74296.667
13. Current log-likelihood: -74296.627
14. Current log-likelihood: -74296.588
15. Current log-likelihood: -74296.551
16. Current log-likelihood: -74296.512
17. Current log-likelihood: -74296.476
18. Current log-likelihood: -74296.442
19. Current log-likelihood: -74296.408
20. Current log-likelihood: -74296.378
21. Current log-likelihood: -74296.348
22. Current log-likelihood: -74296.318
23. Current log-likelihood: -74296.289
24. Current log-likelihood: -74296.264
25. Current log-likelihood: -74296.233
26. Current log-likelihood: -74296.203
27. Current log-likelihood: -74296.174
28. Current log-likelihood: -74296.145
29. Current log-likelihood: -74296.118
30. Current log-likelihood: -74296.090
31. Current log-likelihood: -74296.064
32. Current log-likelihood: -74296.038
33. Current log-likelihood: -74296.016
34. Current log-likelihood: -74295.991
35. Current log-likelihood: -74295.972
36. Current log-likelihood: -74295.949
37. Current log-likelihood: -74295.924
38. Current log-likelihood: -74295.905
39. Current log-likelihood: -74295.887
40. Current log-likelihood: -74295.869
41. Current log-likelihood: -74295.850
42. Current log-likelihood: -74295.829
43. Current log-likelihood: -74295.809
44. Current log-likelihood: -74295.790
45. Current log-likelihood: -74295.770
46. Current log-likelihood: -74295.751
47. Current log-likelihood: -74295.732
48. Current log-likelihood: -74295.714
49. Current log-likelihood: -74295.696
50. Current log-likelihood: -74295.678
51. Current log-likelihood: -74295.660
52. Current log-likelihood: -74295.643
53. Current log-likelihood: -74295.626
54. Current log-likelihood: -74295.609
55. Current log-likelihood: -74295.593
56. Current log-likelihood: -74295.577
57. Current log-likelihood: -74295.561
58. Current log-likelihood: -74295.546
59. Current log-likelihood: -74295.531
60. Current log-likelihood: -74295.515
61. Current log-likelihood: -74295.501
62. Current log-likelihood: -74295.486
63. Current log-likelihood: -74295.472
64. Current log-likelihood: -74295.458
65. Current log-likelihood: -74295.444
66. Current log-likelihood: -74295.431
67. Current log-likelihood: -74295.418
68. Current log-likelihood: -74295.405
69. Current log-likelihood: -74295.392
70. Current log-likelihood: -74295.379
71. Current log-likelihood: -74295.367
72. Current log-likelihood: -74295.355
73. Current log-likelihood: -74295.343
74. Current log-likelihood: -74295.331
75. Current log-likelihood: -74295.320
76. Current log-likelihood: -74295.308
77. Current log-likelihood: -74295.297
78. Current log-likelihood: -74295.286
79. Current log-likelihood: -74295.275
80. Current log-likelihood: -74295.265
81. Current log-likelihood: -74295.254
Optimal log-likelihood: -74295.239
Rate parameters:  A-C: 1.16287  A-G: 2.53746  A-T: 1.00000  C-G: 1.16287  C-T: 2.77524  G-T: 1.00000
Base frequencies:  A: 0.286  C: 0.207  G: 0.236  T: 0.270
Site proportion and rates:  (0.039,0.118) (0.087,0.384) (0.584,0.922) (0.289,1.463)
Parameters optimization took 81 rounds (30.895 sec)
BEST SCORE FOUND : -74295.239
Total tree length: 35.233

Total number of iterations: 179
CPU time used for tree search: 255.094 sec (0h:4m:15s)
Wall-clock time used for tree search: 255.574 sec (0h:4m:15s)
Total CPU time used: 288.031 sec (0h:4m:48s)
Total wall-clock time used: 288.511 sec (0h:4m:48s)

Analysis results written to: 
  IQ-TREE report:                C:/Users/austm/Documents/UW Grad School/Coursework/2023 Spring/Phylo563/myProject/Data/Fam_SBP_CDS_aligned.fasta.iqtree
  Maximum-likelihood tree:       C:/Users/austm/Documents/UW Grad School/Coursework/2023 Spring/Phylo563/myProject/Data/Fam_SBP_CDS_aligned.fasta.treefile
  Likelihood distances:          C:/Users/austm/Documents/UW Grad School/Coursework/2023 Spring/Phylo563/myProject/Data/Fam_SBP_CDS_aligned.fasta.mldist
  Screen log file:               C:/Users/austm/Documents/UW Grad School/Coursework/2023 Spring/Phylo563/myProject/Data/Fam_SBP_CDS_aligned.fasta.log

Date and Time: Thu Mar 23 14:26:35 2023
