IQ-TREE multicore version 2.2.0 COVID-edition for Windows 64-bit built Jun  1 2022
Developed by Bui Quang Minh, James Barbetti, Nguyen Lam Tung,
Olga Chernomor, Heiko Schmidt, Dominik Schrempf, Michael Woodhams, Ly Trong Nhan.

Host:    LAPTOP-819NPT48 (AVX2, FMA3, 7 GB RAM)
Command: C:\Users\austm\Documents\UW Grad School\Software\iqtree-2.2.0-Windows\bin\iqtree2.exe -s C:/Users/austm/Documents/UW Grad School/Coursework/2023 Spring/Phylo563/myProject/Data/Fam_SBP_CDS_aligned_muscle.fasta -redo
Seed:    837818 (Using SPRNG - Scalable Parallel Random Number Generator)
Time:    Thu Apr 13 14:08:55 2023
Kernel:  AVX+FMA - 1 threads (4 CPU cores detected)

HINT: Use -nt option to specify number of threads because your CPU has 4 cores!
HINT: -nt AUTO will automatically determine the best number of threads to use.

Reading alignment file C:/Users/austm/Documents/UW Grad School/Coursework/2023 Spring/Phylo563/myProject/Data/Fam_SBP_CDS_aligned_muscle.fasta ... Fasta format detected
Reading fasta file: done in 0.0231651 secs using 134.9% CPU
Alignment most likely contains DNA/RNA sequences
Constructing alignment: done in 0.0189537 secs using 82.44% CPU
Alignment has 88 sequences with 5342 columns, 4065 distinct patterns
3156 parsimony-informative, 995 singleton sites, 1191 constant sites
                          Gap/Ambiguity  Composition  p-value
Analyzing sequences: done in 0.0036115 secs
   1  CrCRR1                     30.76%    failed      0.00%
   2  Niben101Scf06461g03009.1   81.47%    failed      3.25%
   3  AtSPL7.3                   54.01%    passed     80.99%
   4  AtSPL7.2                   56.42%    passed     76.77%
   5  AtSPL7.1                   54.96%    passed     70.62%
   6  Solyc01g080670.2.1         57.26%    failed      3.49%
   7  Niben101Scf11812g00024.1   59.79%    failed      0.02%
   8  Niben101Scf39270g00002.1   78.38%    passed     30.18%
   9  Niben101Scf00878g04013.1   85.51%    failed      0.09%
  10  Niben101Scf04462g01007.1   85.96%    failed      0.06%
  11  Solyc04g045560.2.1         80.29%    passed      6.68%
  12  Solyc05g015510.2.1         73.94%    passed     88.78%
  13  Niben101Scf03422g04024.1   87.59%    passed     73.15%
  14  Niben101Scf01602g03005.1   74.05%    passed     62.14%
  15  Niben101Scf19371g00001.1   74.05%    passed     80.73%
  16  AtSPL11.2                  77.87%    passed     79.92%
  17  AtSPL11.3                  77.87%    passed     79.92%
  18  AtSPL11.1                  77.87%    passed     79.92%
  19  AtSPL11.4                  77.87%    passed     79.92%
  20  AtSPL10.2                  77.70%    passed     65.85%
  21  AtSPL10.1                  77.70%    passed     65.85%
  22  AtSPL10.4                  77.70%    passed     65.85%
  23  AtSPL10.3                  77.70%    passed     65.85%
  24  AtSPL2.3                   76.41%    passed     18.18%
  25  AtSPL2.2                   76.41%    passed     18.18%
  26  AtSPL2.1                   76.41%    passed     18.18%
  27  AtSPL9.1                   78.88%    passed     12.95%
  28  Niben101Scf00821g02001.1   69.67%    failed      0.00%
  29  Niben101Scf20316g00003.1   73.44%    failed      0.02%
  30  Solyc05g012040.2.1         68.61%    failed      0.05%
  31  Niben101Scf01310g00001.1   71.42%    failed      0.11%
  32  Niben101Scf02151g04021.1   71.30%    failed      0.59%
  33  AtSPL15.1                  80.06%    failed      2.24%
  34  Niben101Scf10743g02013.1   77.76%    failed      0.85%
  35  Niben101Scf05439g04002.1   83.32%    failed      0.12%
  36  Niben101Scf10743g02014.1   82.83%    failed      3.50%
  37  Solyc01g090730.2.1         83.15%    failed      0.47%
  38  Solyc10g078700.1.1         79.05%    passed     13.75%
  39  Niben101Scf00340g00006.1   70.97%    passed     22.55%
  40  Niben101Scf04740g00007.1   78.27%    passed     33.57%
  41  Niben101Scf00037g02016.1   78.04%    failed      3.15%
  42  Niben101Scf03494g12028.1   80.51%    failed      3.82%
  43  AtSPL8.2                   86.13%    failed      0.00%
  44  AtSPL8.1                   81.24%    failed      0.00%
  45  AtSPL6.1                   77.20%    failed      1.19%
  46  Solyc10g018780.1.1         83.49%    failed      0.00%
  47  Solyc05g015840.2.1         82.42%    passed     62.59%
  48  Niben101Scf01950g02001.1   82.25%    passed      8.47%
  49  Niben101Scf00366g00008.1   92.03%    passed     86.58%
  50  AtSPL13a.2                 79.78%    failed      1.50%
  51  AtSPL13a.1                 79.78%    failed      1.50%
  52  AtSPL13b.1                 79.78%    failed      1.50%
  53  AtSPL5.1                   89.78%    failed      0.00%
  54  AtSPL4.2                   90.17%    failed      0.00%
  55  AtSPL4.1                   90.17%    failed      0.00%
  56  AtSPL14.1                  41.82%    passed     16.14%
  57  AT1G76580.1                44.46%    failed      0.92%
  58  AtSPL3.1                   92.59%    failed      0.00%
  59  Niben101Scf00687g04018.1   47.38%    failed      0.04%
  60  Niben101Scf02558g00030.1   45.10%    failed      1.43%
  61  Solyc01g068100.2.1         44.12%    failed      0.47%
  62  Niben101Scf01773g04003.1   44.74%    passed      5.25%
  63  Niben101Scf09781g00016.1   44.29%    failed      1.25%
  64  Solyc04g064470.1.1         90.57%    passed      7.27%
  65  Niben101Scf14708g00003.1   94.61%    failed      0.54%
  66  Niben101Scf01671g03003.1   75.01%    failed      0.01%
  67  Solyc05g053240.2.1         41.31%    failed      0.00%
  68  AtSPL12.1                  47.88%    failed      0.03%
  69  AtSPL1.1                   50.47%    passed     53.36%
  70  Solyc07g062980.2.1         92.53%    passed     33.78%
  71  Niben101Scf11224g00008.1   92.92%    passed      5.73%
  72  Niben101Scf00347g00011.1   90.96%    failed      0.53%
  73  Niben101Scf07953g00014.1   91.01%    failed      0.25%
  74  Solyc07g053810.2.1         91.69%    failed      0.02%
  75  Niben101Scf01426g05012.1   89.72%    failed      0.02%
  76  Niben101Scf08374g06004.1   89.44%    failed      0.04%
  77  Solyc03g114850.2.1         85.06%    failed      3.34%
  78  Niben101Scf01143g06001.1   70.57%    passed     16.18%
  79  Niben101Scf03056g00007.1   70.52%    passed      8.65%
  80  Solyc12g038520.1.1         74.84%    failed      2.38%
  81  Niben101Scf00337g06003.1   78.04%    failed      0.21%
  82  Niben101Scf01531g00004.1   75.29%    failed      0.05%
  83  Niben101Scf00495g02016.1   83.66%    failed      0.99%
  84  Niben101Scf04350g03001.1   92.31%    failed      0.04%
  85  Solyc10g009080.2.1         92.36%    failed      0.03%
  86  Solyc02g077920.2.1         92.31%    failed      3.18%
  87  Niben101Scf08791g03011.1   92.31%    failed      0.46%
  88  Niben101Scf19266g01002.1   92.31%    failed      0.18%
WARNING: 78 sequences contain more than 50% gaps/ambiguity
****  TOTAL                      75.56%  53 sequences failed composition chi2 test (p-value<5%; df=3)
NOTE: AtSPL11.3 is identical to AtSPL11.2 but kept for subsequent analysis
NOTE: AtSPL10.1 is identical to AtSPL10.2 but kept for subsequent analysis
NOTE: AtSPL2.2 is identical to AtSPL2.3 but kept for subsequent analysis
NOTE: AtSPL13a.1 is identical to AtSPL13a.2 but kept for subsequent analysis
NOTE: AtSPL4.1 is identical to AtSPL4.2 but kept for subsequent analysis
Checking for duplicate sequences: done in 0.003196 secs
Identifying sites to remove: done in 0.0159492 secs using 195.9% CPU
NOTE: 6 identical sequences (see below) will be ignored for subsequent analysis
NOTE: AtSPL11.1 (identical to AtSPL11.2) is ignored but added at the end
NOTE: AtSPL11.4 (identical to AtSPL11.2) is ignored but added at the end
NOTE: AtSPL10.4 (identical to AtSPL10.2) is ignored but added at the end
NOTE: AtSPL10.3 (identical to AtSPL10.2) is ignored but added at the end
NOTE: AtSPL2.1 (identical to AtSPL2.3) is ignored but added at the end
NOTE: AtSPL13b.1 (identical to AtSPL13a.2) is ignored but added at the end
Alignment was printed to C:/Users/austm/Documents/UW Grad School/Coursework/2023 Spring/Phylo563/myProject/Data/Fam_SBP_CDS_aligned_muscle.fasta.uniqueseq.phy

For your convenience alignment with unique sequences printed to C:/Users/austm/Documents/UW Grad School/Coursework/2023 Spring/Phylo563/myProject/Data/Fam_SBP_CDS_aligned_muscle.fasta.uniqueseq.phy


Create initial parsimony tree by phylogenetic likelihood library (PLL)... 0.094 seconds
Perform fast likelihood tree search using GTR+I+G model...
Estimate model parameters (epsilon = 5.000)
Perform nearest neighbor interchange...
Optimizing NNI: done in 1.27664 secs using 99.14% CPU
Estimate model parameters (epsilon = 1.000)
1. Initial log-likelihood: -93031.845
Optimal log-likelihood: -93031.274
Rate parameters:  A-C: 1.30349  A-G: 2.27137  A-T: 1.17995  C-G: 1.04984  C-T: 2.35488  G-T: 1.00000
Base frequencies:  A: 0.279  C: 0.216  G: 0.241  T: 0.264
Proportion of invariable sites: 0.006
Gamma shape alpha: 2.298
Parameters optimization took 1 rounds (0.410 sec)
Time for fast ML tree search: 6.562 seconds

NOTE: ModelFinder requires 108 MB RAM!
ModelFinder will test up to 484 DNA models (sample size: 5342) ...
 No. Model         -LnL         df  AIC          AICc         BIC
  1  GTR+F         94469.660    169 189277.320   189288.430   190389.907
  2  GTR+F+I       94223.693    170 188787.386   188798.630   189906.557
  3  GTR+F+G4      93097.181    170 186534.362   186545.605   187653.532
  4  GTR+F+I+G4    93031.157    171 186404.314   186415.692   187530.067
  5  GTR+F+R2      92945.392    171 186232.783   186244.161   187358.537
  6  GTR+F+R3      92748.835    173 185843.669   185855.319   186982.590
  7  GTR+F+R4      92697.108    175 185744.216   185756.140   186896.303
  8  GTR+F+R5      92692.786    177 185739.573   185751.775   186904.827
 14  GTR+F+I+I+R2  92910.960    172 186165.920   186177.433   187298.257
 15  GTR+F+I+I+R3  92728.091    174 185804.182   185815.968   186949.685
 16  GTR+F+I+I+R4  92695.530    176 185743.059   185755.122   186901.730
 17  GTR+F+I+I+R5  92692.396    178 185740.792   185753.134   186912.629
 29  SYM+R4        92731.097    172 185806.194   185817.707   186938.531
 30  SYM+R5        92726.467    174 185800.935   185812.721   186946.439
 38  SYM+I+I+R4    92730.933    173 185807.867   185819.516   186946.787
 51  TVM+F+R4      92696.983    174 185741.967   185753.753   186887.471
 52  TVM+F+R5      92692.785    176 185737.570   185749.633   186896.241
 60  TVM+F+I+I+R4  92695.524    175 185741.049   185752.973   186893.136
 73  TVMe+R4       92741.606    171 185825.212   185836.590   186950.965
 74  TVMe+R5       92736.387    173 185818.774   185830.423   186957.695
 82  TVMe+I+I+R4   92741.205    172 185826.410   185837.923   186958.747
 95  TIM3+F+R4     92715.122    173 185776.244   185787.893   186915.164
 96  TIM3+F+R5     92711.315    175 185772.629   185784.553   186924.716
104  TIM3+F+I+I+R4 92713.945    174 185775.890   185787.677   186921.394
117  TIM3e+R4      92781.212    170 185902.424   185913.668   187021.595
118  TIM3e+R5      92775.341    172 185894.683   185906.196   187027.020
126  TIM3e+I+I+R4  92780.445    171 185902.890   185914.268   187028.644
139  TIM2+F+R4     92700.803    173 185747.606   185759.256   186886.527
140  TIM2+F+R5     92696.215    175 185742.430   185754.355   186894.518
148  TIM2+F+I+I+R4 92699.542    174 185747.084   185758.870   186892.587
161  TIM2e+R4      92738.798    170 185817.596   185828.840   186936.767
162  TIM2e+R5      92734.811    172 185813.621   185825.134   186945.958
170  TIM2e+I+I+R4  92738.855    171 185819.711   185831.089   186945.465
183  TIM+F+R4      92718.715    173 185783.430   185795.080   186922.351
184  TIM+F+R5      92714.357    175 185778.714   185790.638   186930.801
192  TIM+F+I+I+R4  92717.612    174 185783.224   185795.010   186928.728
205  TIMe+R4       92786.660    170 185913.320   185924.563   187032.490
206  TIMe+R5       92781.776    172 185907.553   185919.066   187039.890
214  TIMe+I+I+R4   92785.842    171 185913.684   185925.062   187039.438
227  TPM3u+F+R4    92714.862    172 185773.725   185785.238   186906.062
228  TPM3u+F+R5    92711.290    174 185770.581   185782.367   186916.085
236  TPM3u+F+I+I+R4 92713.936    173 185773.872   185785.521   186912.792
249  TPM3+R4       92792.201    169 185922.403   185933.513   187034.990
250  TPM3+R5       92785.534    171 185913.068   185924.446   187038.821
258  TPM3+I+I+R4   92790.950    170 185921.900   185933.144   187041.070
271  TPM2u+F+R4    92700.686    172 185745.372   185756.886   186877.709
272  TPM2u+F+R5    92696.228    174 185740.455   185752.241   186885.959
280  TPM2u+F+I+I+R4 92699.450    173 185744.900   185756.549   186883.820
293  TPM2+R4       92749.316    169 185836.632   185847.742   186949.219
294  TPM2+R5       92744.640    171 185831.280   185842.658   186957.034
302  TPM2+I+I+R4   92748.913    170 185837.826   185849.070   186956.997
315  K3Pu+F+R4     92718.625    172 185781.249   185792.763   186913.587
316  K3Pu+F+R5     92714.363    174 185776.726   185788.512   186922.230
324  K3Pu+F+I+I+R4 92717.609    173 185781.217   185792.867   186920.138
337  K3P+R4        92797.445    169 185932.890   185944.000   187045.477
338  K3P+R5        92792.009    171 185926.018   185937.396   187051.772
346  K3P+I+I+R4    92796.470    170 185932.939   185944.183   187052.109
359  TN+F+R4       92718.631    172 185781.262   185792.775   186913.599
360  TN+F+R5       92714.382    174 185776.764   185788.550   186922.268
368  TN+F+I+I+R4   92717.623    173 185781.247   185792.896   186920.167
381  TNe+R4        92788.428    169 185914.855   185925.965   187027.442
382  TNe+R5        92783.501    171 185909.002   185920.380   187034.756
390  TNe+I+I+R4    92787.606    170 185915.213   185926.456   187034.383
403  HKY+F+R4      92718.630    171 185779.260   185790.638   186905.014
404  HKY+F+R5      92714.374    173 185774.749   185786.398   186913.669
412  HKY+F+I+I+R4  92717.620    172 185779.239   185790.753   186911.577
425  K2P+R4        92799.153    168 185934.305   185945.282   187040.309
426  K2P+R5        92793.684    170 185927.368   185938.611   187046.538
434  K2P+I+I+R4    92798.192    169 185934.384   185945.494   187046.971
447  F81+F+R4      93369.232    170 187078.464   187089.708   188197.635
448  F81+F+R5      93366.305    172 187076.611   187088.124   188208.948
456  F81+F+I+I+R4  93369.276    171 187080.551   187091.929   188206.305
469  JC+R4         93406.125    167 187146.251   187157.096   188245.671
470  JC+R5         93402.223    169 187142.445   187153.555   188255.032
478  JC+I+I+R4     93406.136    168 187148.272   187159.249   188254.276
Akaike Information Criterion:           TVM+F+R5
Corrected Akaike Information Criterion: TVM+F+R5
Bayesian Information Criterion:         TPM2u+F+R4
Best-fit model: TPM2u+F+R4 chosen according to BIC

All model information printed to C:/Users/austm/Documents/UW Grad School/Coursework/2023 Spring/Phylo563/myProject/Data/Fam_SBP_CDS_aligned_muscle.fasta.model.gz
CPU time for ModelFinder: 5029.297 seconds (1h:23m:49s)
Wall-clock time for ModelFinder: 5078.801 seconds (1h:24m:38s)

NOTE: 43 MB RAM (0 GB) is required!
Estimate model parameters (epsilon = 0.100)
1. Initial log-likelihood: -92700.686
Optimal log-likelihood: -92700.596
Rate parameters:  A-C: 1.19280  A-G: 2.21754  A-T: 1.19280  C-G: 1.00000  C-T: 2.21754  G-T: 1.00000
Base frequencies:  A: 0.279  C: 0.216  G: 0.241  T: 0.264
Site proportion and rates:  (0.043,0.089) (0.082,0.371) (0.455,0.809) (0.419,1.425)
Parameters optimization took 1 rounds (0.658 sec)
Wrote distance file to... 
Computing ML distances based on estimated model parameters...
Calculating distance matrix: done in 0.0712535 secs using 109.6% CPU
Computing ML distances took 0.076439 sec (of wall-clock time) 0.078125 sec (of CPU time)
Setting up auxiliary I and S matrices: done in 0.0005198 secs
Constructing RapidNJ tree: done in 0.0010384 secs
Computing RapidNJ tree took 0.001680 sec (of wall-clock time) 0.000000 sec (of CPU time)
Log-likelihood of RapidNJ tree: -92987.870
--------------------------------------------------------------------
|             INITIALIZING CANDIDATE TREE SET                      |
--------------------------------------------------------------------
Generating 98 parsimony trees... 8.234 second
Computing log-likelihood of 98 initial trees ... 12.597 seconds
Current best score: -92700.596

Do NNI search on 20 best initial trees
Optimizing NNI: done in 0.529985 secs using 97.29% CPU
Estimate model parameters (epsilon = 0.100)
BETTER TREE FOUND at iteration 1: -92690.800
Optimizing NNI: done in 2.76774 secs using 99.92% CPU
Estimate model parameters (epsilon = 0.100)
BETTER TREE FOUND at iteration 2: -92686.688
Optimizing NNI: done in 1.74788 secs using 98.33% CPU
Optimizing NNI: done in 1.75317 secs using 99.82% CPU
Optimizing NNI: done in 2.26048 secs using 98.85% CPU
Optimizing NNI: done in 1.94404 secs using 99.66% CPU
Optimizing NNI: done in 1.77591 secs using 99.42% CPU
Optimizing NNI: done in 2.15906 secs using 99.87% CPU
Estimate model parameters (epsilon = 0.100)
BETTER TREE FOUND at iteration 8: -92682.600
Optimizing NNI: done in 1.57104 secs using 100.5% CPU
Optimizing NNI: done in 1.4636 secs using 100.4% CPU
Iteration 10 / LogL: -92691.921 / Time: 0h:0m:46s
Optimizing NNI: done in 1.83073 secs using 99.86% CPU
Optimizing NNI: done in 2.05505 secs using 98.84% CPU
Optimizing NNI: done in 2.27183 secs using 98.35% CPU
Optimizing NNI: done in 1.98404 secs using 99.23% CPU
Optimizing NNI: done in 2.43693 secs using 100% CPU
Optimizing NNI: done in 1.82476 secs using 101% CPU
Optimizing NNI: done in 2.35883 secs using 100.7% CPU
Optimizing NNI: done in 1.74838 secs using 100.1% CPU
Optimizing NNI: done in 1.93533 secs using 100.9% CPU
Optimizing NNI: done in 2.38769 secs using 99.47% CPU
Iteration 20 / LogL: -92694.074 / Time: 0h:1m:7s
Finish initializing candidate tree set (16)
Current best tree score: -92682.600 / CPU time: 65.153
Number of iterations: 20
--------------------------------------------------------------------
|               OPTIMIZING CANDIDATE TREE SET                      |
--------------------------------------------------------------------
Optimizing NNI: done in 2.05168 secs using 99.77% CPU
Optimizing NNI: done in 2.31207 secs using 100% CPU
Optimizing NNI: done in 2.16417 secs using 99.63% CPU
Optimizing NNI: done in 1.91091 secs using 100.6% CPU
Optimizing NNI: done in 2.15698 secs using 99.97% CPU
Optimizing NNI: done in 2.066 secs using 100.6% CPU
Optimizing NNI: done in 2.31308 secs using 99.97% CPU
Optimizing NNI: done in 2.34787 secs using 99.82% CPU
Optimizing NNI: done in 1.51257 secs using 101.2% CPU
Optimizing NNI: done in 2.14188 secs using 99.94% CPU
Iteration 30 / LogL: -92687.650 / Time: 0h:1m:28s (0h:3m:57s left)
Optimizing NNI: done in 2.24417 secs using 99.56% CPU
Optimizing NNI: done in 1.67566 secs using 98.84% CPU
Optimizing NNI: done in 1.96976 secs using 99.16% CPU
Optimizing NNI: done in 1.89074 secs using 99.99% CPU
Optimizing NNI: done in 2.1238 secs using 100.1% CPU
Optimizing NNI: done in 2.22447 secs using 99.74% CPU
Optimizing NNI: done in 1.94238 secs using 100.6% CPU
Optimizing NNI: done in 1.75596 secs using 100.6% CPU
Optimizing NNI: done in 2.0793 secs using 100.7% CPU
Optimizing NNI: done in 1.77178 secs using 99.65% CPU
Iteration 40 / LogL: -92683.494 / Time: 0h:1m:48s (0h:3m:9s left)
Optimizing NNI: done in 1.74521 secs using 100.3% CPU
Optimizing NNI: done in 1.85939 secs using 100% CPU
Optimizing NNI: done in 2.22584 secs using 98.28% CPU
Optimizing NNI: done in 1.84397 secs using 99.99% CPU
Optimizing NNI: done in 2.40955 secs using 99.86% CPU
Optimizing NNI: done in 1.97245 secs using 99.02% CPU
Estimate model parameters (epsilon = 0.100)
BETTER TREE FOUND at iteration 46: -92680.990
Optimizing NNI: done in 1.98817 secs using 99.81% CPU
Optimizing NNI: done in 1.90549 secs using 100.9% CPU
Optimizing NNI: done in 2.3546 secs using 99.54% CPU
Optimizing NNI: done in 2.1425 secs using 99.18% CPU
Iteration 50 / LogL: -92683.197 / Time: 0h:2m:11s (0h:4m:17s left)
Optimizing NNI: done in 2.23056 secs using 100.2% CPU
Optimizing NNI: done in 2.28528 secs using 99.14% CPU
Optimizing NNI: done in 1.73409 secs using 99.12% CPU
Optimizing NNI: done in 2.53455 secs using 100.5% CPU
Estimate model parameters (epsilon = 0.100)
BETTER TREE FOUND at iteration 54: -92680.118
Optimizing NNI: done in 2.33546 secs using 99.69% CPU
Optimizing NNI: done in 1.82438 secs using 100.2% CPU
Optimizing NNI: done in 2.04242 secs using 101% CPU
Optimizing NNI: done in 2.12156 secs using 100.2% CPU
Optimizing NNI: done in 1.82524 secs using 100.2% CPU
Optimizing NNI: done in 1.83829 secs using 98.6% CPU
Iteration 60 / LogL: -92715.190 / Time: 0h:2m:34s (0h:4m:5s left)
Optimizing NNI: done in 1.84847 secs using 100.6% CPU
Optimizing NNI: done in 2.15645 secs using 99.99% CPU
Optimizing NNI: done in 2.94457 secs using 99.76% CPU
Optimizing NNI: done in 1.91456 secs using 99.57% CPU
Optimizing NNI: done in 2.36778 secs using 100.3% CPU
Optimizing NNI: done in 1.72446 secs using 99.67% CPU
Optimizing NNI: done in 1.93498 secs using 100.1% CPU
Optimizing NNI: done in 2.21331 secs using 100.2% CPU
Optimizing NNI: done in 2.01111 secs using 100.2% CPU
Optimizing NNI: done in 2.56325 secs using 98.75% CPU
Iteration 70 / LogL: -92680.518 / Time: 0h:2m:56s (0h:3m:34s left)
Optimizing NNI: done in 2.36225 secs using 99.22% CPU
Optimizing NNI: done in 2.34995 secs using 99.07% CPU
Optimizing NNI: done in 2.13211 secs using 100.4% CPU
Optimizing NNI: done in 1.86148 secs using 99.89% CPU
Optimizing NNI: done in 2.02708 secs using 99.44% CPU
Optimizing NNI: done in 2.11785 secs using 101.1% CPU
Optimizing NNI: done in 2.40441 secs using 100.1% CPU
Optimizing NNI: done in 2.4314 secs using 99.61% CPU
Optimizing NNI: done in 2.22805 secs using 98.18% CPU
Optimizing NNI: done in 1.9518 secs using 100.1% CPU
Iteration 80 / LogL: -92680.337 / Time: 0h:3m:18s (0h:3m:5s left)
Optimizing NNI: done in 2.27414 secs using 100.3% CPU
Optimizing NNI: done in 2.2811 secs using 100% CPU
Optimizing NNI: done in 2.38366 secs using 100.9% CPU
Optimizing NNI: done in 1.9511 secs using 100.1% CPU
Optimizing NNI: done in 2.44474 secs using 99.7% CPU
Optimizing NNI: done in 1.99926 secs using 99.26% CPU
Optimizing NNI: done in 1.91244 secs using 99.68% CPU
Optimizing NNI: done in 2.95382 secs using 99.45% CPU
Optimizing NNI: done in 1.65649 secs
Optimizing NNI: done in 3.12566 secs using 99.98% CPU
Iteration 90 / LogL: -92689.288 / Time: 0h:3m:41s (0h:2m:39s left)
Optimizing NNI: done in 1.89759 secs using 99.63% CPU
Optimizing NNI: done in 2.54508 secs using 98.84% CPU
Optimizing NNI: done in 1.39239 secs using 99.87% CPU
Optimizing NNI: done in 2.05333 secs using 99.69% CPU
Optimizing NNI: done in 2.86844 secs using 99.68% CPU
Optimizing NNI: done in 1.86841 secs using 100.4% CPU
Optimizing NNI: done in 2.30993 secs using 100.8% CPU
Optimizing NNI: done in 1.9463 secs using 99.55% CPU
Optimizing NNI: done in 2.07245 secs using 98.77% CPU
Optimizing NNI: done in 1.8378 secs using 99.47% CPU
Iteration 100 / LogL: -92697.170 / Time: 0h:4m:2s (0h:2m:12s left)
Optimizing NNI: done in 2.58499 secs using 99.73% CPU
Optimizing NNI: done in 2.1195 secs using 98.79% CPU
Optimizing NNI: done in 2.13434 secs using 99.56% CPU
Optimizing NNI: done in 2.53113 secs using 100% CPU
Optimizing NNI: done in 2.37289 secs using 99.43% CPU
Optimizing NNI: done in 2.92684 secs using 98.76% CPU
Optimizing NNI: done in 1.89985 secs using 100.3% CPU
Optimizing NNI: done in 3.0015 secs using 99.43% CPU
Optimizing NNI: done in 1.69415 secs using 99.61% CPU
Optimizing NNI: done in 1.89579 secs using 99.73% CPU
Iteration 110 / LogL: -92688.365 / Time: 0h:4m:26s (0h:1m:47s left)
Optimizing NNI: done in 1.97505 secs using 100.5% CPU
Optimizing NNI: done in 1.49971 secs using 100% CPU
Optimizing NNI: done in 2.01722 secs using 99.15% CPU
Optimizing NNI: done in 1.83563 secs using 100.4% CPU
Optimizing NNI: done in 2.63865 secs using 100.1% CPU
Optimizing NNI: done in 2.38409 secs using 98.96% CPU
Optimizing NNI: done in 2.14569 secs using 100.5% CPU
Optimizing NNI: done in 2.07315 secs using 99.49% CPU
Optimizing NNI: done in 2.0047 secs using 99.77% CPU
Optimizing NNI: done in 1.86163 secs using 100.7% CPU
Iteration 120 / LogL: -92680.394 / Time: 0h:4m:46s (0h:1m:21s left)
Optimizing NNI: done in 2.60735 secs using 99.48% CPU
Optimizing NNI: done in 2.07076 secs using 98.85% CPU
Optimizing NNI: done in 1.96323 secs using 99.49% CPU
Optimizing NNI: done in 2.25309 secs using 99.86% CPU
Optimizing NNI: done in 1.85247 secs using 99.53% CPU
Optimizing NNI: done in 2.48928 secs using 99.8% CPU
Optimizing NNI: done in 1.85093 secs using 99.61% CPU
Optimizing NNI: done in 1.97419 secs using 99.72% CPU
Optimizing NNI: done in 1.93576 secs using 99.28% CPU
Optimizing NNI: done in 2.4315 secs using 100.2% CPU
Iteration 130 / LogL: -92681.522 / Time: 0h:5m:8s (0h:0m:57s left)
Optimizing NNI: done in 2.08492 secs using 99.67% CPU
Optimizing NNI: done in 2.92283 secs using 99.43% CPU
Optimizing NNI: done in 2.75037 secs using 99.99% CPU
Optimizing NNI: done in 2.68069 secs using 99.09% CPU
Optimizing NNI: done in 2.72809 secs using 100.2% CPU
Optimizing NNI: done in 2.66818 secs using 100.1% CPU
Optimizing NNI: done in 1.77828 secs using 100.2% CPU
Optimizing NNI: done in 1.77534 secs using 99.45% CPU
Optimizing NNI: done in 2.40829 secs using 99.92% CPU
Optimizing NNI: done in 1.93756 secs using 100.8% CPU
Iteration 140 / LogL: -92709.245 / Time: 0h:5m:32s (0h:0m:33s left)
Optimizing NNI: done in 2.91466 secs using 100.2% CPU
Optimizing NNI: done in 2.17262 secs using 99.25% CPU
Optimizing NNI: done in 2.27927 secs using 99.4% CPU
Optimizing NNI: done in 2.41554 secs using 99.62% CPU
Optimizing NNI: done in 2.06934 secs using 100.4% CPU
Optimizing NNI: done in 1.65364 secs using 100.2% CPU
Optimizing NNI: done in 2.42208 secs using 99.99% CPU
Optimizing NNI: done in 1.84787 secs using 99.78% CPU
Optimizing NNI: done in 2.48558 secs using 99.95% CPU
Optimizing NNI: done in 1.96297 secs using 98.7% CPU
Iteration 150 / LogL: -92694.427 / Time: 0h:5m:55s (0h:0m:9s left)
Optimizing NNI: done in 2.04927 secs using 99.88% CPU
Optimizing NNI: done in 3.03803 secs using 99.78% CPU
Optimizing NNI: done in 2.18275 secs using 100.2% CPU
Optimizing NNI: done in 2.04597 secs using 100% CPU
Optimizing NNI: done in 1.9606 secs using 100.4% CPU
TREE SEARCH COMPLETED AFTER 155 ITERATIONS / Time: 0h:6m:6s

--------------------------------------------------------------------
|                    FINALIZING TREE SEARCH                        |
--------------------------------------------------------------------
Performs final model parameters optimization
Estimate model parameters (epsilon = 0.010)
1. Initial log-likelihood: -92680.118
2. Current log-likelihood: -92680.075
3. Current log-likelihood: -92680.002
4. Current log-likelihood: -92679.935
5. Current log-likelihood: -92679.869
6. Current log-likelihood: -92679.806
7. Current log-likelihood: -92679.745
8. Current log-likelihood: -92679.687
9. Current log-likelihood: -92679.631
10. Current log-likelihood: -92679.578
11. Current log-likelihood: -92679.532
12. Current log-likelihood: -92679.481
13. Current log-likelihood: -92679.433
14. Current log-likelihood: -92679.385
15. Current log-likelihood: -92679.342
16. Current log-likelihood: -92679.299
17. Current log-likelihood: -92679.259
18. Current log-likelihood: -92679.219
19. Current log-likelihood: -92679.181
20. Current log-likelihood: -92679.144
21. Current log-likelihood: -92679.109
22. Current log-likelihood: -92679.073
23. Current log-likelihood: -92679.039
24. Current log-likelihood: -92679.007
25. Current log-likelihood: -92678.975
26. Current log-likelihood: -92678.944
27. Current log-likelihood: -92678.914
28. Current log-likelihood: -92678.885
29. Current log-likelihood: -92678.857
30. Current log-likelihood: -92678.829
31. Current log-likelihood: -92678.802
32. Current log-likelihood: -92678.776
33. Current log-likelihood: -92678.756
34. Current log-likelihood: -92678.730
35. Current log-likelihood: -92678.710
36. Current log-likelihood: -92678.684
37. Current log-likelihood: -92678.665
38. Current log-likelihood: -92678.641
39. Current log-likelihood: -92678.624
40. Current log-likelihood: -92678.601
41. Current log-likelihood: -92678.583
42. Current log-likelihood: -92678.566
43. Current log-likelihood: -92678.549
44. Current log-likelihood: -92678.531
45. Current log-likelihood: -92678.513
46. Current log-likelihood: -92678.497
47. Current log-likelihood: -92678.481
48. Current log-likelihood: -92678.465
49. Current log-likelihood: -92678.449
50. Current log-likelihood: -92678.434
51. Current log-likelihood: -92678.419
52. Current log-likelihood: -92678.404
53. Current log-likelihood: -92678.390
54. Current log-likelihood: -92678.377
55. Current log-likelihood: -92678.363
56. Current log-likelihood: -92678.350
57. Current log-likelihood: -92678.337
58. Current log-likelihood: -92678.324
59. Current log-likelihood: -92678.312
60. Current log-likelihood: -92678.301
61. Current log-likelihood: -92678.288
62. Current log-likelihood: -92678.277
Optimal log-likelihood: -92678.264
Rate parameters:  A-C: 1.18330  A-G: 2.20176  A-T: 1.18330  C-G: 1.00000  C-T: 2.20176  G-T: 1.00000
Base frequencies:  A: 0.279  C: 0.216  G: 0.241  T: 0.264
Site proportion and rates:  (0.040,0.076) (0.072,0.339) (0.428,0.779) (0.460,1.390)
Parameters optimization took 62 rounds (35.693 sec)
BEST SCORE FOUND : -92678.264
Total tree length: 36.235

Total number of iterations: 155
CPU time used for tree search: 363.688 sec (0h:6m:3s)
Wall-clock time used for tree search: 364.493 sec (0h:6m:4s)
Total CPU time used: 401.359 sec (0h:6m:41s)
Total wall-clock time used: 402.285 sec (0h:6m:42s)

Analysis results written to: 
  IQ-TREE report:                C:/Users/austm/Documents/UW Grad School/Coursework/2023 Spring/Phylo563/myProject/Data/Fam_SBP_CDS_aligned_muscle.fasta.iqtree
  Maximum-likelihood tree:       C:/Users/austm/Documents/UW Grad School/Coursework/2023 Spring/Phylo563/myProject/Data/Fam_SBP_CDS_aligned_muscle.fasta.treefile
  Likelihood distances:          C:/Users/austm/Documents/UW Grad School/Coursework/2023 Spring/Phylo563/myProject/Data/Fam_SBP_CDS_aligned_muscle.fasta.mldist
  Screen log file:               C:/Users/austm/Documents/UW Grad School/Coursework/2023 Spring/Phylo563/myProject/Data/Fam_SBP_CDS_aligned_muscle.fasta.log

Date and Time: Thu Apr 13 15:40:17 2023
